00000000000000000000000000000000
00 00 00 00
00 00 00 00
00 00 00 00
00 00 00 00
00 00 00 00 00 00 00 00 62 62 62 62 AA AA AA AA 6F 0D 6F 0D 7D D7 7D D7 53 5E 31 3C 96 41 3C EB 9E C0 F1 CD 2B 6A 56 BD 64 A4 55 98 6D 07 51 EC E7 43 16 8E 74 73 22 CE 10 53 45 CB 
00 00 00 00 00 00 00 00 63 63 63 63 FB FB FB FB 6C 0F 6C 0F 8D 76 8D 76 54 5B 37 38 8A FC 71 07 AA F1 C6 FE 31 CD BC BB 06 F7 31 CF BB 76 CA 71 B0 47 76 B9 ED 9B 51 20 F8 BF C9 70 
00 00 00 00 00 00 00 00 63 63 63 63 FB FB FB FB 6C 0F 6C 0F 8D 76 8D 76 ED E2 8E 81 81 F7 7A 0C 8F 6D E3 62 2B DC A6 AA FD 90 73 11 A9 75 D3 79 E8 78 0B 1A 0B 7E AD D4 0A 72 79 63 
00 00 00 00 00 00 00 00 63 63 63 63 FB FB FB FB CF AC CF AC 6A 91 6A 91 C1 6D A2 0E C1 50 3A AB 28 45 E7 E9 DF 8F B5 1E 52 17 F0 19 0B 84 31 2F 9C 8B 7B 62 A1 25 14 3B 17 9C E7 85 
004488CC115599DD2266AAEE3377BBFF
00 44 88 CC
11 55 99 DD
22 66 AA EE
33 77 BB FF
addRoundKey0: 
004488CC115599DD2266AAEE3377BBFF
00 44 88 CC
11 55 99 DD
22 66 AA EE
33 77 BB FF
sub: 1
631BC44B82FCEEC19333AC28C3F5EA16
63 1B C4 4B
82 FC EE C1
93 33 AC 28
C3 F5 EA 16
shift: 1
631BC44BFCEEC182AC28933316C3F5EA
63 1B C4 4B
FC EE C1 82
AC 28 93 33
16 C3 F5 EA
mix: 1
63F4ADD2796706EBE6FB3C8AD976F4A3
63 F4 AD D2
79 67 06 EB
E6 FB 3C 8A
D9 76 F4 A3
add: 1
63F4ADD2796706EBE6FB3C8AD976F4A3
63 F4 AD D2
79 67 06 EB
E6 FB 3C 8A
D9 76 F4 A3
sub: 2
FBBF95B5B6856FE98E0FEB7E3538BF0A
FB BF 95 B5
B6 85 6F E9
8E 0F EB 7E
35 38 BF 0A
shift: 2
FBBF95B5856FE9B6EB7E8E0F0A3538BF
FB BF 95 B5
85 6F E9 B6
EB 7E 8E 0F
0A 35 38 BF
mix: 2
989FA700C6D6ED6CAD7333C76CA1B318
98 9F A7 00
C6 D6 ED 6C
AD 73 33 C7
6C A1 B3 18
add: 2
FAFDC562A5B58E0FCE1050A40FC2D07B
FA FD C5 62
A5 B5 8E 0F
CE 10 50 A4
0F C2 D0 7B
sub: 3
2D54A6AA06D519768BCA534976257021
2D 54 A6 AA
06 D5 19 76
8B CA 53 49
76 25 70 21
shift: 3
2D54A6AAD519760653498BCA21762570
2D 54 A6 AA
D5 19 76 06
53 49 8B CA
21 76 25 70
mix: 3
4CBC63FF48CBE9933D45B2B3B34046C9
4C BC 63 FF
48 CB E9 93
3D 45 B2 B3
B3 40 46 C9
add: 3
E616C955B3301268C6BE494848BBBD32
E6 16 C9 55
B3 30 12 68
C6 BE 49 48
48 BB BD 32
sub: 4
8E47DDFC6D04C945B4AE3B5252EA7A23
8E 47 DD FC
6D 04 C9 45
B4 AE 3B 52
52 EA 7A 23
shift: 4
8E47DDFC04C9456D3B52B4AE2352EA7A
8E 47 DD FC
04 C9 45 6D
3B 52 B4 AE
23 52 EA 7A
mix: 4
13CE3080E86A7AB599DCCE58F0F64228
13 CE 30 80
E8 6A 7A B5
99 DC CE 58
F0 F6 42 28
add: 4
7CC35F8D846516BAF5D3A2573F5A8D84
7C C3 5F 8D
84 65 16 BA
F5 D3 A2 57
3F 5A 8D 84
sub: 5
102ECF5D5F4D47F4E6663A5B75BE5D5F
10 2E CF 5D
5F 4D 47 F4
E6 66 3A 5B
75 BE 5D 5F
shift: 5
102ECF5D4D47F45F3A5BE6665F75BE5D
10 2E CF 5D
4D 47 F4 5F
3A 5B E6 66
5F 75 BE 5D
mix: 5
92BBDA609B38B314C8403529F9843F64
92 BB DA 60
9B 38 B3 14
C8 40 35 29
F9 84 3F 64
add: 5
EF6CA7B7164E3E624536B85F931555F5
EF 6C A7 B7
16 4E 3E 62
45 36 B8 5F
93 15 55 F5
sub: 6
DF505CA9472FB2AA6E056CCFDC59FCE6
DF 50 5C A9
47 2F B2 AA
6E 05 6C CF
DC 59 FC E6
shift: 6
DF505CA92FB2AA476CCF6E05E6DC59FC
DF 50 5C A9
2F B2 AA 47
6C CF 6E 05
E6 DC 59 FC
mix: 6
5E7E6A79D3B9F8D41918C1FBEE2E9241
5E 7E 6A 79
D3 B9 F8 D4
19 18 C1 FB
EE 2E 92 41
add: 6
0D205B4587E2CFECF4FA4F7A2F43304F
0D 20 5B 45
87 E2 CF EC
F4 FA 4F 7A
2F 43 30 4F
sub: 7
D7B7396E17988ACEBF2D84DA151A0484
D7 B7 39 6E
17 98 8A CE
BF 2D 84 DA
15 1A 04 84
shift: 7
D7B7396E988ACE1784DABF2D84151A04
D7 B7 39 6E
98 8A CE 17
84 DA BF 2D
84 15 1A 04
mix: 7
063F9ECCEFD87E33CBADBC2F6DB80E80
06 3F 9E CC
EF D8 7E 33
CB AD BC 2F
6D B8 0E 80
add: 7
907EA22765240F344A5AC623ACE8342B
90 7E A2 27
65 24 0F 34
4A 5A C6 23
AC E8 34 2B
sub: 8
60F33ACC4D367618D6BEB426919B18F1
60 F3 3A CC
4D 36 76 18
D6 BE B4 26
91 9B 18 F1
shift: 8
60F33ACC3676184DB426D6BEF1919B18
60 F3 3A CC
36 76 18 4D
B4 26 D6 BE
F1 91 9B 18
mix: 8
DFD011F23AE4F0972D6123CEDB67AD8C
DF D0 11 F2
3A E4 F0 97
2D 61 23 CE
DB 67 AD 8C
add: 8
4110E03F90153669A20CC0ACF3224A65
41 10 E0 3F
90 15 36 69
A2 0C C0 AC
F3 22 4A 65
sub: 9
83CAE175605905F93AFEBA910D93D64D
83 CA E1 75
60 59 05 F9
3A FE BA 91
0D 93 D6 4D
shift: 9
83CAE1755905F960BA913AFE4D0D93D6
83 CA E1 75
59 05 F9 60
BA 91 3A FE
4D 0D 93 D6
mix: 9
011C6062A965D57A62E1C293E7CBC6B6
01 1C 60 62
A9 65 D5 7A
62 E1 C2 93
E7 CB C6 B6
add: 9
2A7636DF98A869C1493D6439384473A8
2A 76 36 DF
98 A8 69 C1
49 3D 64 39
38 44 73 A8
sub: 10
E538059E46C2F9783B274312071B8FC2
E5 38 05 9E
46 C2 F9 78
3B 27 43 12
07 1B 8F C2
shift: 10
E538059EC2F9784643123B27C2071B8F
E5 38 05 9E
C2 F9 78 46
43 12 3B 27
C2 07 1B 8F
mix: 10
0D75A2457DE0A3F4FCEC261C2AAD7ADD
0D 75 A2 45
7D E0 A3 F4
FC EC 26 1C
2A AD 7A DD
add: 10
69D1F7DD7B17923B017C550D78BA8AC4
69 D1 F7 DD
7B 17 92 3B
01 7C 55 0D
78 BA 8A C4
sub: 11
F93E68C121F04FE27C10FCD7BCF47E1C
F9 3E 68 C1
21 F0 4F E2
7C 10 FC D7
BC F4 7E 1C
shift: 11
F93E68C1F04FE221FCD77C101CBCF47E
F9 3E 68 C1
F0 4F E2 21
FC D7 7C 10
1C BC F4 7E
mix: 11
02C66594017EC7CDCE1B754224B9D595
02 C6 65 94
01 7E C7 CD
CE 1B 75 42
24 B9 D5 95
add: 11
6FC13478BA080DBC676EA63B2F3DE4BA
6F C1 34 78
BA 08 0D BC
67 6E A6 3B
2F 3D E4 BA
sub: 12
A87818BCF430D765859F24E2152769F4
A8 78 18 BC
F4 30 D7 65
85 9F 24 E2
15 27 69 F4
shift: 12
A87818BC30D765F424E2859FF4152769
A8 78 18 BC
30 D7 65 F4
24 E2 85 9F
F4 15 27 69
mix: 12
CB653D9250E5619CD74F05D604978666
CB 65 3D 92
50 E5 61 9C
D7 4F 05 D6
04 97 86 66
add: 12
2C262B1CE0A217253F370ECC981CFD04
2C 26 2B 1C
E0 A2 17 25
3F 37 0E CC
98 1C FD 04
sub: 13
71F7F19CE13AF03F759AAB4B469C54F2
71 F7 F1 9C
E1 3A F0 3F
75 9A AB 4B
46 9C 54 F2
shift: 13
71F7F19C3AF03FE1AB4B759AF2469C54
71 F7 F1 9C
3A F0 3F E1
AB 4B 75 9A
F2 46 9C 54
mix: 13
F5F351D511978CA40B5B9BAEFD35616C
F5 F3 51 D5
11 97 8C A4
0B 5B 9B AE
FD 35 61 6C
add: 13
8180731BFC0CDD840025367A5C107557
81 80 73 1B
FC 0C DD 84
00 25 36 7A
5C 10 75 57
sub: 14
0CCD8FAFB0FEC15F633F05DA4ACA9D5B
0C CD 8F AF
B0 FE C1 5F
63 3F 05 DA
4A CA 9D 5B
shift: 14
0CCD8FAFFEC15FB005DA633F5B4ACA9D
0C CD 8F AF
FE C1 5F B0
05 DA 63 3F
5B 4A CA 9D
add: 14
1C9ECA64067E96C00FA81A5C4CD62D18
1C 9E CA 64
06 7E 96 C0
0F A8 1A 5C
4C D6 2D 18
Encrypted:
1C9ECA64067E96C00FA81A5C4CD62D18
1C 9E CA 64
06 7E 96 C0
0F A8 1A 5C
4C D6 2D 18
addRoundKey0: 
0CCD8FAFFEC15FB005DA633F5B4ACA9D
0C CD 8F AF
FE C1 5F B0
05 DA 63 3F
5B 4A CA 9D
inv shift: 1
0CCD8FAFB0FEC15F633F05DA4ACA9D5B
0C CD 8F AF
B0 FE C1 5F
63 3F 05 DA
4A CA 9D 5B
inv sub: 1
8180731BFC0CDD840025367A5C107557
81 80 73 1B
FC 0C DD 84
00 25 36 7A
5C 10 75 57
add: 1
F5F351D511978CA40B5B9BAEFD35616C
F5 F3 51 D5
11 97 8C A4
0B 5B 9B AE
FD 35 61 6C
inv mix: 1
71F7F19C3AF03FE1AB4B759AF2469C54
71 F7 F1 9C
3A F0 3F E1
AB 4B 75 9A
F2 46 9C 54
inv shift: 2
71F7F19CE13AF03F759AAB4B469C54F2
71 F7 F1 9C
E1 3A F0 3F
75 9A AB 4B
46 9C 54 F2
inv sub: 2
2C262B1CE0A217253F370ECC981CFD04
2C 26 2B 1C
E0 A2 17 25
3F 37 0E CC
98 1C FD 04
add: 2
CB653D9250E5619CD74F05D604978666
CB 65 3D 92
50 E5 61 9C
D7 4F 05 D6
04 97 86 66
inv mix: 2
A87818BC30D765F424E2859FF4152769
A8 78 18 BC
30 D7 65 F4
24 E2 85 9F
F4 15 27 69
inv shift: 3
A87818BCF430D765859F24E2152769F4
A8 78 18 BC
F4 30 D7 65
85 9F 24 E2
15 27 69 F4
inv sub: 3
6FC13478BA080DBC676EA63B2F3DE4BA
6F C1 34 78
BA 08 0D BC
67 6E A6 3B
2F 3D E4 BA
add: 3
02C66594017EC7CDCE1B754224B9D595
02 C6 65 94
01 7E C7 CD
CE 1B 75 42
24 B9 D5 95
inv mix: 3
F93E68C1F04FE221FCD77C101CBCF47E
F9 3E 68 C1
F0 4F E2 21
FC D7 7C 10
1C BC F4 7E
inv shift: 4
F93E68C121F04FE27C10FCD7BCF47E1C
F9 3E 68 C1
21 F0 4F E2
7C 10 FC D7
BC F4 7E 1C
inv sub: 4
69D1F7DD7B17923B017C550D78BA8AC4
69 D1 F7 DD
7B 17 92 3B
01 7C 55 0D
78 BA 8A C4
add: 4
0D75A2457DE0A3F4FCEC261C2AAD7ADD
0D 75 A2 45
7D E0 A3 F4
FC EC 26 1C
2A AD 7A DD
inv mix: 4
E538059EC2F9784643123B27C2071B8F
E5 38 05 9E
C2 F9 78 46
43 12 3B 27
C2 07 1B 8F
inv shift: 5
E538059E46C2F9783B274312071B8FC2
E5 38 05 9E
46 C2 F9 78
3B 27 43 12
07 1B 8F C2
inv sub: 5
2A7636DF98A869C1493D6439384473A8
2A 76 36 DF
98 A8 69 C1
49 3D 64 39
38 44 73 A8
add: 5
011C6062A965D57A62E1C293E7CBC6B6
01 1C 60 62
A9 65 D5 7A
62 E1 C2 93
E7 CB C6 B6
inv mix: 5
83CAE1755905F960BA913AFE4D0D93D6
83 CA E1 75
59 05 F9 60
BA 91 3A FE
4D 0D 93 D6
inv shift: 6
83CAE175605905F93AFEBA910D93D64D
83 CA E1 75
60 59 05 F9
3A FE BA 91
0D 93 D6 4D
inv sub: 6
4110E03F90153669A20CC0ACF3224A65
41 10 E0 3F
90 15 36 69
A2 0C C0 AC
F3 22 4A 65
add: 6
DFD011F23AE4F0972D6123CEDB67AD8C
DF D0 11 F2
3A E4 F0 97
2D 61 23 CE
DB 67 AD 8C
inv mix: 6
60F33ACC3676184DB426D6BEF1919B18
60 F3 3A CC
36 76 18 4D
B4 26 D6 BE
F1 91 9B 18
inv shift: 7
60F33ACC4D367618D6BEB426919B18F1
60 F3 3A CC
4D 36 76 18
D6 BE B4 26
91 9B 18 F1
inv sub: 7
907EA22765240F344A5AC623ACE8342B
90 7E A2 27
65 24 0F 34
4A 5A C6 23
AC E8 34 2B
add: 7
063F9ECCEFD87E33CBADBC2F6DB80E80
06 3F 9E CC
EF D8 7E 33
CB AD BC 2F
6D B8 0E 80
inv mix: 7
D7B7396E988ACE1784DABF2D84151A04
D7 B7 39 6E
98 8A CE 17
84 DA BF 2D
84 15 1A 04
inv shift: 8
D7B7396E17988ACEBF2D84DA151A0484
D7 B7 39 6E
17 98 8A CE
BF 2D 84 DA
15 1A 04 84
inv sub: 8
0D205B4587E2CFECF4FA4F7A2F43304F
0D 20 5B 45
87 E2 CF EC
F4 FA 4F 7A
2F 43 30 4F
add: 8
5E7E6A79D3B9F8D41918C1FBEE2E9241
5E 7E 6A 79
D3 B9 F8 D4
19 18 C1 FB
EE 2E 92 41
inv mix: 8
DF505CA92FB2AA476CCF6E05E6DC59FC
DF 50 5C A9
2F B2 AA 47
6C CF 6E 05
E6 DC 59 FC
inv shift: 9
DF505CA9472FB2AA6E056CCFDC59FCE6
DF 50 5C A9
47 2F B2 AA
6E 05 6C CF
DC 59 FC E6
inv sub: 9
EF6CA7B7164E3E624536B85F931555F5
EF 6C A7 B7
16 4E 3E 62
45 36 B8 5F
93 15 55 F5
add: 9
92BBDA609B38B314C8403529F9843F64
92 BB DA 60
9B 38 B3 14
C8 40 35 29
F9 84 3F 64
inv mix: 9
102ECF5D4D47F45F3A5BE6665F75BE5D
10 2E CF 5D
4D 47 F4 5F
3A 5B E6 66
5F 75 BE 5D
inv shift: 10
102ECF5D5F4D47F4E6663A5B75BE5D5F
10 2E CF 5D
5F 4D 47 F4
E6 66 3A 5B
75 BE 5D 5F
inv sub: 10
7CC35F8D846516BAF5D3A2573F5A8D84
7C C3 5F 8D
84 65 16 BA
F5 D3 A2 57
3F 5A 8D 84
add: 10
13CE3080E86A7AB599DCCE58F0F64228
13 CE 30 80
E8 6A 7A B5
99 DC CE 58
F0 F6 42 28
inv mix: 10
8E47DDFC04C9456D3B52B4AE2352EA7A
8E 47 DD FC
04 C9 45 6D
3B 52 B4 AE
23 52 EA 7A
inv shift: 11
8E47DDFC6D04C945B4AE3B5252EA7A23
8E 47 DD FC
6D 04 C9 45
B4 AE 3B 52
52 EA 7A 23
inv sub: 11
E616C955B3301268C6BE494848BBBD32
E6 16 C9 55
B3 30 12 68
C6 BE 49 48
48 BB BD 32
add: 11
4CBC63FF48CBE9933D45B2B3B34046C9
4C BC 63 FF
48 CB E9 93
3D 45 B2 B3
B3 40 46 C9
inv mix: 11
2D54A6AAD519760653498BCA21762570
2D 54 A6 AA
D5 19 76 06
53 49 8B CA
21 76 25 70
inv shift: 12
2D54A6AA06D519768BCA534976257021
2D 54 A6 AA
06 D5 19 76
8B CA 53 49
76 25 70 21
inv sub: 12
FAFDC562A5B58E0FCE1050A40FC2D07B
FA FD C5 62
A5 B5 8E 0F
CE 10 50 A4
0F C2 D0 7B
add: 12
989FA700C6D6ED6CAD7333C76CA1B318
98 9F A7 00
C6 D6 ED 6C
AD 73 33 C7
6C A1 B3 18
inv mix: 12
FBBF95B5856FE9B6EB7E8E0F0A3538BF
FB BF 95 B5
85 6F E9 B6
EB 7E 8E 0F
0A 35 38 BF
inv shift: 13
FBBF95B5B6856FE98E0FEB7E3538BF0A
FB BF 95 B5
B6 85 6F E9
8E 0F EB 7E
35 38 BF 0A
inv sub: 13
63F4ADD2796706EBE6FB3C8AD976F4A3
63 F4 AD D2
79 67 06 EB
E6 FB 3C 8A
D9 76 F4 A3
add: 13
63F4ADD2796706EBE6FB3C8AD976F4A3
63 F4 AD D2
79 67 06 EB
E6 FB 3C 8A
D9 76 F4 A3
inv mix: 13
631BC44BFCEEC182AC28933316C3F5EA
63 1B C4 4B
FC EE C1 82
AC 28 93 33
16 C3 F5 EA
inv shift: 14
631BC44B82FCEEC19333AC28C3F5EA16
63 1B C4 4B
82 FC EE C1
93 33 AC 28
C3 F5 EA 16
inv sub: 14
004488CC115599DD2266AAEE3377BBFF
00 44 88 CC
11 55 99 DD
22 66 AA EE
33 77 BB FF
add: 14
004488CC115599DD2266AAEE3377BBFF
00 44 88 CC
11 55 99 DD
22 66 AA EE
33 77 BB FF
Decrypted: 
004488CC115599DD2266AAEE3377BBFF
00 44 88 CC
11 55 99 DD
22 66 AA EE
33 77 BB FF
