abase
ABASE
abase
 abase
!abase
"abase
#abase
$abase
%abase
&abase
'abase
(abase
)abase
*abase
+abase
,abase
-abase
.abase
/abase
0abase
1abase
2abase
3abase
4abase
5abase
6abase
7abase
8abase
9abase
:abase
;abase
<abase
=abase
>abase
?abase
@abase
Aabase
Babase
Cabase
Dabase
Eabase
Fabase
Gabase
Habase
Iabase
Jabase
Kabase
Labase
Mabase
Nabase
Oabase
Pabase
Qabase
Rabase
Sabase
Tabase
Uabase
Vabase
Wabase
Xabase
Yabase
Zabase
[abase
\abase
]abase
^abase
_abase
`abase
aabase
babase
cabase
dabase
eabase
fabase
gabase
habase
iabase
jabase
kabase
labase
mabase
nabase
oabase
pabase
qabase
rabase
sabase
tabase
uabase
vabase
wabase
xabase
yabase
zabase
{abase
|abase
}abase
~abase
abase 
abase!
abase"
abase#
abase$
abase%
abase&
abase'
abase(
abase)
abase*
abase+
abase,
abase-
abase.
abase/
abase0
abase1
abase2
abase3
abase4
abase5
abase6
abase7
abase8
abase9
abase:
abase;
abase<
abase=
abase>
abase?
abase@
abaseA
abaseB
abaseC
abaseD
abaseE
abaseF
abaseG
abaseH
abaseI
abaseJ
abaseK
abaseL
abaseM
abaseN
abaseO
abaseP
abaseQ
abaseR
abaseS
abaseT
abaseU
abaseV
abaseW
abaseX
abaseY
abaseZ
abase[
abase\
abase]
abase^
abase_
abase`
abasea
abaseb
abasec
abased
abasee
abasef
abaseg
abaseh
abasei
abasej
abasek
abasel
abasem
abasen
abaseo
abasep
abaseq
abaser
abases
abaset
abaseu
abasev
abasew
abasex
abasey
abasez
abase{
abase|
abase}
abase~
base
abas
esaba
abaseabase
abaseesaba
esabaabase
ABASE
abase
Abase
aBASE
aBaSe
AbAsE
abort
ABORT
abort
 abort
!abort
"abort
#abort
$abort
%abort
&abort
'abort
(abort
)abort
*abort
+abort
,abort
-abort
.abort
/abort
0abort
1abort
2abort
3abort
4abort
5abort
6abort
7abort
8abort
9abort
:abort
;abort
<abort
=abort
>abort
?abort
@abort
Aabort
Babort
Cabort
Dabort
Eabort
Fabort
Gabort
Habort
Iabort
Jabort
Kabort
Labort
Mabort
Nabort
Oabort
Pabort
Qabort
Rabort
Sabort
Tabort
Uabort
Vabort
Wabort
Xabort
Yabort
Zabort
[abort
\abort
]abort
^abort
_abort
`abort
aabort
babort
cabort
dabort
eabort
fabort
gabort
habort
iabort
jabort
kabort
labort
mabort
nabort
oabort
pabort
qabort
rabort
sabort
tabort
uabort
vabort
wabort
xabort
yabort
zabort
{abort
|abort
}abort
~abort
abort 
abort!
abort"
abort#
abort$
abort%
abort&
abort'
abort(
abort)
abort*
abort+
abort,
abort-
abort.
abort/
abort0
abort1
abort2
abort3
abort4
abort5
abort6
abort6
